{
  "RSpec": {
    "coverage": {
      "/Users/bryce.simonds/Desktop/turing/1Module/projects/enigma/spec/key_spec.rb": {
        "lines": [
          1,
          null,
          1,
          1,
          7,
          7,
          7,
          null,
          null,
          1,
          1,
          null,
          null,
          1,
          1,
          1,
          null,
          null,
          1,
          1,
          1,
          null,
          null,
          1,
          1,
          1,
          null,
          null,
          1,
          1,
          1,
          1,
          1,
          null,
          null,
          1,
          1,
          1,
          1,
          1,
          1,
          1,
          1,
          1,
          null,
          null,
          1,
          1,
          1,
          1,
          1,
          1,
          1,
          1,
          1,
          null,
          null
        ]
      },
      "/Users/bryce.simonds/Desktop/turing/1Module/projects/enigma/lib/key.rb": {
        "lines": [
          1,
          1,
          null,
          1,
          24,
          null,
          24,
          null,
          null,
          null,
          null,
          null,
          null,
          1,
          11,
          null,
          null,
          1,
          9,
          null,
          null
        ]
      },
      "/Users/bryce.simonds/Desktop/turing/1Module/projects/enigma/spec/offset_spec.rb": {
        "lines": [
          1,
          null,
          1,
          1,
          6,
          null,
          6,
          6,
          6,
          null,
          null,
          1,
          1,
          null,
          null,
          1,
          1,
          null,
          null,
          1,
          1,
          1,
          null,
          null,
          1,
          1,
          1,
          1,
          null,
          null,
          1,
          1,
          1,
          1,
          null,
          null,
          1,
          1,
          1,
          1,
          1,
          null,
          1,
          1,
          1,
          1,
          null,
          1,
          1,
          1,
          1,
          null,
          null
        ]
      },
      "/Users/bryce.simonds/Desktop/turing/1Module/projects/enigma/lib/offset.rb": {
        "lines": [
          1,
          1,
          1,
          null,
          1,
          21,
          21,
          null,
          21,
          null,
          null,
          null,
          null,
          null,
          null,
          1,
          21,
          6,
          null,
          null,
          1,
          91,
          null,
          null
        ]
      },
      "/Users/bryce.simonds/Desktop/turing/1Module/projects/enigma/spec/enigma_spec.rb": {
        "lines": [
          1,
          1,
          1,
          1,
          1,
          null,
          1,
          1,
          4,
          null,
          4,
          4,
          null,
          null,
          1,
          1,
          1,
          null,
          null,
          1,
          1,
          null,
          null,
          1,
          1,
          null,
          null,
          null,
          null,
          null,
          null,
          1,
          1,
          1,
          null,
          null
        ]
      },
      "/Users/bryce.simonds/Desktop/turing/1Module/projects/enigma/lib/enigma.rb": {
        "lines": [
          1,
          1,
          1,
          8,
          null,
          null,
          1,
          3,
          null,
          null,
          1,
          3,
          3,
          3,
          3,
          null,
          null,
          1,
          3,
          3,
          3,
          null,
          3,
          3,
          3,
          3,
          3,
          null,
          3,
          3,
          33,
          33,
          33,
          33,
          33,
          33,
          null,
          3,
          null,
          null
        ]
      },
      "/Users/bryce.simonds/Desktop/turing/1Module/projects/enigma/lib/shift.rb": {
        "lines": [
          1,
          1,
          null,
          1,
          null,
          3,
          null,
          null,
          null,
          null,
          null,
          null
        ]
      }
    },
    "timestamp": 1655061666
  }
}
