{
  "RSpec": {
    "coverage": {
      "/Users/bryce.simonds/Desktop/turing/1Module/projects/enigma/spec/key_spec.rb": {
        "lines": [
          1,
          null,
          1,
          1,
          7,
          7,
          7,
          null,
          null,
          1,
          1,
          null,
          null,
          1,
          1,
          1,
          null,
          null,
          1,
          1,
          1,
          null,
          null,
          1,
          1,
          1,
          null,
          null,
          1,
          1,
          1,
          1,
          1,
          null,
          null,
          1,
          1,
          1,
          1,
          1,
          1,
          1,
          1,
          1,
          null,
          null,
          1,
          1,
          1,
          1,
          1,
          1,
          1,
          1,
          1,
          null,
          null
        ]
      },
      "/Users/bryce.simonds/Desktop/turing/1Module/projects/enigma/lib/key.rb": {
        "lines": [
          1,
          1,
          null,
          1,
          33,
          null,
          33,
          null,
          null,
          null,
          null,
          null,
          null,
          1,
          12,
          null,
          null,
          1,
          10,
          null,
          null
        ]
      },
      "/Users/bryce.simonds/Desktop/turing/1Module/projects/enigma/spec/offset_spec.rb": {
        "lines": [
          1,
          null,
          1,
          1,
          6,
          null,
          6,
          6,
          6,
          null,
          null,
          1,
          1,
          null,
          null,
          1,
          1,
          null,
          null,
          1,
          1,
          1,
          null,
          null,
          1,
          1,
          1,
          1,
          null,
          null,
          1,
          1,
          1,
          1,
          null,
          null,
          1,
          1,
          1,
          1,
          1,
          null,
          1,
          1,
          1,
          1,
          null,
          1,
          1,
          1,
          1,
          null,
          null
        ]
      },
      "/Users/bryce.simonds/Desktop/turing/1Module/projects/enigma/lib/offset.rb": {
        "lines": [
          1,
          1,
          1,
          null,
          1,
          29,
          29,
          null,
          29,
          null,
          null,
          null,
          null,
          null,
          null,
          1,
          29,
          6,
          null,
          null,
          1,
          123,
          null,
          null
        ]
      },
      "/Users/bryce.simonds/Desktop/turing/1Module/projects/enigma/spec/enigma_spec.rb": {
        "lines": [
          1,
          1,
          1,
          1,
          1,
          null,
          1,
          1,
          12,
          null,
          12,
          12,
          null,
          null,
          1,
          1,
          1,
          null,
          null,
          1,
          1,
          null,
          null,
          1,
          1,
          null,
          null,
          null,
          null,
          null,
          null,
          1,
          1,
          1,
          null,
          null,
          1,
          1,
          null,
          1,
          1,
          1,
          1,
          null,
          null,
          1,
          1,
          null,
          null,
          null,
          null,
          null,
          null,
          1,
          1,
          null,
          null,
          null,
          null,
          null,
          null,
          1,
          1,
          null,
          null,
          null,
          null,
          null,
          null,
          1,
          1,
          null,
          null,
          1,
          1,
          null,
          null,
          null,
          null,
          null,
          null,
          1,
          1,
          1,
          null,
          null,
          null,
          null,
          null,
          null,
          1,
          1,
          null,
          null
        ]
      },
      "/Users/bryce.simonds/Desktop/turing/1Module/projects/enigma/lib/enigma.rb": {
        "lines": [
          1,
          1,
          1,
          24,
          24,
          null,
          null,
          1,
          6,
          null,
          null,
          1,
          8,
          8,
          8,
          8,
          null,
          null,
          1,
          367,
          null,
          null,
          1,
          8,
          8,
          8,
          null,
          8,
          8,
          8,
          null,
          8,
          8,
          90,
          2,
          null,
          88,
          88,
          88,
          88,
          null,
          null,
          8,
          null,
          null,
          1,
          2,
          2,
          2,
          2,
          null,
          null,
          1,
          3,
          3,
          3,
          null,
          3,
          3,
          3,
          3,
          null,
          3,
          3,
          34,
          1,
          null,
          33,
          33,
          33,
          33,
          null,
          null,
          3,
          null,
          null
        ]
      },
      "/Users/bryce.simonds/Desktop/turing/1Module/projects/enigma/lib/shift.rb": {
        "lines": [
          1,
          1,
          null,
          1,
          null,
          11,
          null,
          null,
          null,
          null,
          null,
          null
        ]
      }
    },
    "timestamp": 1655072294
  }
}
